Fri Aug 17 2018 12:10:10 GMT+0530 (India Standard Time)GET/about
Fri Aug 17 2018 12:10:15 GMT+0530 (India Standard Time)GET/
Fri Aug 17 2018 12:10:23 GMT+0530 (India Standard Time)GET/bad
Fri Aug 17 2018 12:10:54 GMT+0530 (India Standard Time)GET/help.html
Fri Aug 17 2018 18:06:27 GMT+0530 (India Standard Time)GET/
Fri Aug 17 2018 18:06:27 GMT+0530 (India Standard Time)GET/favicon.ico
Fri Aug 17 2018 18:07:34 GMT+0530 (India Standard Time)GET/
Fri Aug 17 2018 18:07:34 GMT+0530 (India Standard Time)GET/favicon.ico
Fri Aug 17 2018 18:07:39 GMT+0530 (India Standard Time)GET/
Fri Aug 17 2018 18:07:39 GMT+0530 (India Standard Time)GET/favicon.ico
Fri Aug 17 2018 18:08:42 GMT+0530 (India Standard Time)GET/
Fri Aug 17 2018 18:08:42 GMT+0530 (India Standard Time)GET/favicon.ico
Fri Aug 17 2018 18:08:43 GMT+0530 (India Standard Time)GET/
Fri Aug 17 2018 18:08:43 GMT+0530 (India Standard Time)GET/favicon.ico
Fri Aug 17 2018 18:08:43 GMT+0530 (India Standard Time)GET/
Fri Aug 17 2018 18:08:43 GMT+0530 (India Standard Time)GET/favicon.ico
Fri Aug 17 2018 18:08:43 GMT+0530 (India Standard Time)GET/
Fri Aug 17 2018 18:08:43 GMT+0530 (India Standard Time)GET/favicon.ico
Fri Aug 17 2018 18:08:43 GMT+0530 (India Standard Time)GET/
Fri Aug 17 2018 18:08:43 GMT+0530 (India Standard Time)GET/favicon.ico
Fri Aug 17 2018 18:08:43 GMT+0530 (India Standard Time)GET/
Fri Aug 17 2018 18:08:43 GMT+0530 (India Standard Time)GET/favicon.ico
Fri Aug 17 2018 18:08:43 GMT+0530 (India Standard Time)GET/
Fri Aug 17 2018 18:08:43 GMT+0530 (India Standard Time)GET/favicon.ico
Fri Aug 17 2018 18:08:43 GMT+0530 (India Standard Time)GET/
Fri Aug 17 2018 18:08:43 GMT+0530 (India Standard Time)GET/favicon.ico
Fri Aug 17 2018 18:08:43 GMT+0530 (India Standard Time)GET/
Fri Aug 17 2018 18:08:44 GMT+0530 (India Standard Time)GET/favicon.ico
Fri Aug 17 2018 18:09:15 GMT+0530 (India Standard Time)GET/
Fri Aug 17 2018 18:09:15 GMT+0530 (India Standard Time)GET/favicon.ico
Fri Aug 17 2018 18:10:40 GMT+0530 (India Standard Time)GET/
Fri Aug 17 2018 18:10:40 GMT+0530 (India Standard Time)GET/favicon.ico
Fri Aug 17 2018 18:10:41 GMT+0530 (India Standard Time)GET/
Fri Aug 17 2018 18:10:41 GMT+0530 (India Standard Time)GET/favicon.ico
Fri Aug 17 2018 18:10:41 GMT+0530 (India Standard Time)GET/
Fri Aug 17 2018 18:10:41 GMT+0530 (India Standard Time)GET/favicon.ico
Fri Aug 17 2018 18:10:41 GMT+0530 (India Standard Time)GET/
Fri Aug 17 2018 18:10:41 GMT+0530 (India Standard Time)GET/favicon.ico
Fri Aug 17 2018 18:10:41 GMT+0530 (India Standard Time)GET/
Fri Aug 17 2018 18:10:41 GMT+0530 (India Standard Time)GET/favicon.ico
Fri Aug 17 2018 18:10:41 GMT+0530 (India Standard Time)GET/
Fri Aug 17 2018 18:10:41 GMT+0530 (India Standard Time)GET/favicon.ico
Fri Aug 17 2018 18:10:48 GMT+0530 (India Standard Time)GET/about
Fri Aug 17 2018 18:10:49 GMT+0530 (India Standard Time)GET/favicon.ico
Fri Aug 17 2018 18:11:10 GMT+0530 (India Standard Time)GET/about
Fri Aug 17 2018 18:11:10 GMT+0530 (India Standard Time)GET/favicon.ico
Fri Aug 17 2018 18:11:10 GMT+0530 (India Standard Time)GET/about
Fri Aug 17 2018 18:11:10 GMT+0530 (India Standard Time)GET/favicon.ico
Fri Aug 17 2018 18:11:10 GMT+0530 (India Standard Time)GET/about
Fri Aug 17 2018 18:11:10 GMT+0530 (India Standard Time)GET/favicon.ico
Fri Aug 17 2018 18:11:10 GMT+0530 (India Standard Time)GET/about
Fri Aug 17 2018 18:11:10 GMT+0530 (India Standard Time)GET/favicon.ico
Fri Aug 17 2018 18:11:11 GMT+0530 (India Standard Time)GET/about
Fri Aug 17 2018 18:11:11 GMT+0530 (India Standard Time)GET/favicon.ico
Fri Aug 17 2018 18:13:02 GMT+0530 (India Standard Time)GET/projects
Fri Aug 17 2018 18:13:02 GMT+0530 (India Standard Time)GET/favicon.ico
Fri Aug 17 2018 18:15:06 GMT+0530 (India Standard Time)GET/projects
Fri Aug 17 2018 18:15:10 GMT+0530 (India Standard Time)GET/projects
Fri Aug 17 2018 18:15:12 GMT+0530 (India Standard Time)GET/
Fri Aug 17 2018 18:15:14 GMT+0530 (India Standard Time)GET/about
Fri Aug 17 2018 18:15:16 GMT+0530 (India Standard Time)GET/projects
